0 info it worked if it ends with ok
1 verbose cli [ '/usr/local/bin/node', '/usr/bin/npm', 'install' ]
2 info using npm@3.5.2
3 info using node@v11.2.0
4 verbose stack Error: Cannot find module 'ansi'
4 verbose stack     at Function.Module._resolveFilename (internal/modules/cjs/loader.js:603:15)
4 verbose stack     at Function.Module._load (internal/modules/cjs/loader.js:529:25)
4 verbose stack     at Module.require (internal/modules/cjs/loader.js:658:17)
4 verbose stack     at require (internal/modules/cjs/helpers.js:22:18)
4 verbose stack     at Object.<anonymous> (/usr/share/npm/lib/ls.js:15:13)
4 verbose stack     at Module._compile (internal/modules/cjs/loader.js:722:30)
4 verbose stack     at Object.Module._extensions..js (internal/modules/cjs/loader.js:733:10)
4 verbose stack     at Module.load (internal/modules/cjs/loader.js:620:32)
4 verbose stack     at tryModuleLoad (internal/modules/cjs/loader.js:560:12)
4 verbose stack     at Function.Module._load (internal/modules/cjs/loader.js:552:3)
5 verbose cwd /media/prathik/E47CCC4F7CCC1E64/Users/Prathik/IdeaProjects/BleakJS
6 error Linux 4.15.0-36-generic
7 error argv "/usr/local/bin/node" "/usr/bin/npm" "install"
8 error node v11.2.0
9 error npm  v3.5.2
10 error code MODULE_NOT_FOUND
11 error Cannot find module 'ansi'
12 error If you need help, you may report this error at:
12 error     <https://github.com/npm/npm/issues>
13 verbose exit [ 1, true ]
